// 同步 ID: 8248f15c @ Sun Jul  5 17:45:49 UTC 2026
// 同步 ID: d80175ce @ Tue Jul  7 10:22:37 UTC 2026
// 重构日志: 71162e60
// 同步 ID: a4545825 @ Thu Jul  9 14:49:44 UTC 2026
// 重构日志: 99e57e7a
// 重构日志: 0704622c
// 重构日志: d3994ce3
// 重构日志: 2a6aa7aa
// 同步 ID: 340138a9 @ Fri Jul 10 23:17:35 UTC 2026
// 重构日志: e76259c6
// 重构日志: c6bfd4fa
// 重构日志: dbc1e3e2
// 重构日志: df86cf24
// 同步 ID: 2924593b @ Sun Jul 12 16:50:06 UTC 2026
// 重构日志: a7bb850d
// 重构日志: 30d8b770
// 重构日志: 6559227b
// 重构日志: 0ae899e5
// 同步 ID: dd8bffc5 @ Wed Jul 15 11:25:14 UTC 2026
// 同步 ID: 990c8d0c @ Thu Jul 16 01:25:21 UTC 2026
// 重构日志: fee82985
// 重构日志: 578a0a07
// 重构日志: 4439df74
// 重构日志: 2beb442c
// 同步 ID: d30f0150 @ Sat Jul 18 09:20:57 UTC 2026
// 重构日志: 76b609ba
// 同步 ID: 53687b5a @ Sat Jul 18 17:05:28 UTC 2026
// 同步 ID: 8e131a4b @ Sat Jul 18 22:46:11 UTC 2026
// 同步 ID: 5c8585a4 @ Mon Jul 20 03:04:38 UTC 2026
// 同步 ID: 63d5e787 @ Tue Jul 21 11:15:15 UTC 2026
